<?xml version="1.0" encoding="UTF-8"?>
<testng-results skipped="0" failed="0" ignored="0" total="1" passed="1">
  <reporter-output>
  </reporter-output>
  <suite name="Default suite" duration-ms="56218" started-at="2020-08-27T13:08:04 IST" finished-at="2020-08-27T13:09:00 IST">
    <groups>
      <group name="cucumber">
        <method signature="AbstractTestNGCucumberTests.runScenario(io.cucumber.testng.PickleWrapper, io.cucumber.testng.FeatureWrapper)[pri:0, instance:runners.CustomRunner@1877ab81]" name="runScenario" class="io.cucumber.testng.AbstractTestNGCucumberTests"/>
      </group> <!-- cucumber -->
    </groups>
    <test name="Default test" duration-ms="56218" started-at="2020-08-27T13:08:04 IST" finished-at="2020-08-27T13:09:00 IST">
      <class name="runners.CustomRunner">
        <test-method status="PASS" signature="setUpClass()[pri:0, instance:runners.CustomRunner@1877ab81]" name="setUpClass" is-config="true" duration-ms="567" started-at="2020-08-27T13:08:04 IST" finished-at="2020-08-27T13:08:05 IST">
          <reporter-output>
          </reporter-output>
        </test-method> <!-- setUpClass -->
        <test-method status="PASS" signature="runScenario(io.cucumber.testng.PickleWrapper, io.cucumber.testng.FeatureWrapper)[pri:0, instance:runners.CustomRunner@1877ab81]" name="runScenario" duration-ms="52140" started-at="2020-08-27T13:08:05 IST" description="Runs Cucumber Scenarios" data-provider="scenarios" finished-at="2020-08-27T13:08:57 IST">
          <params>
            <param index="0">
              <value>
                <![CDATA["Purchases CAT 1 - full domain package Scenario 01/01 - From domain search page without login - gives login account details to all."]]>
              </value>
            </param>
            <param index="1">
              <value>
                <![CDATA["Optional[Domain purchases by an already registered customer.]"]]>
              </value>
            </param>
          </params>
          <reporter-output>
          </reporter-output>
        </test-method> <!-- runScenario -->
        <test-method status="PASS" signature="tearDownClass()[pri:0, instance:runners.CustomRunner@1877ab81]" name="tearDownClass" is-config="true" duration-ms="3431" started-at="2020-08-27T13:08:57 IST" finished-at="2020-08-27T13:09:00 IST">
          <reporter-output>
          </reporter-output>
        </test-method> <!-- tearDownClass -->
      </class> <!-- runners.CustomRunner -->
    </test> <!-- Default test -->
  </suite> <!-- Default suite -->
</testng-results>
